  ball.cpp
  bg.cpp
  game.cpp
  ground.cpp
  manager.cpp
  object.cpp
  object2D.cpp
  object3D.cpp
  objectBillboard.cpp
  objectMesh.cpp
  objectX.cpp
  pause.cpp
  player.cpp
  renderer.cpp
  result.cpp
  title.cpp
  tutorial.cpp
  コード生成しています。
  43 of 296 functions (14.5%) were compiled, the rest were copied from previous compilation.
    14 functions were new in current compilation
    39 functions had inline decision re-evaluated but remain unchanged
  コード生成が終了しました。
  NewBirthABEngers.vcxproj -> C:\Users\student\Desktop\NewBirthABEngers\NewAbengers\NewBirthABEngers\NewBirthABEngers.exe
  NewBirthABEngers.vcxproj -> C:\Users\student\Desktop\NewBirthABEngers\NewAbengers\NewBirthABEngers\NewBirthABEngers.pdb (Full PDB)
